<?xml version="1.0" encoding="UTF-8"?>
<testsuite xmlns:xsi="http://www.w3.org/2001/XMLSchema-instance" xsi:noNamespaceSchemaLocation="https://maven.apache.org/surefire/maven-surefire-plugin/xsd/surefire-test-report-3.0.xsd" version="3.0" name="hello.HelloTest" time="0.004" tests="1" errors="0" skipped="0" failures="0">
  <properties>
    <property name="sun.desktop" value="windows"/>
    <property name="awt.toolkit" value="sun.awt.windows.WToolkit"/>
    <property name="file.encoding.pkg" value="sun.io"/>
    <property name="java.specification.version" value="1.8"/>
    <property name="sun.cpu.isalist" value="amd64"/>
    <property name="sun.jnu.encoding" value="Cp1252"/>
    <property name="java.class.path" value="C:\Users\Toghrul Jabbarli\Videos\anagram\target\test-classes;C:\Users\Toghrul Jabbarli\Videos\anagram\target\classes;C:\Users\Toghrul Jabbarli\.m2\repository\javax\javaee-api\8.0.1\javaee-api-8.0.1.jar;C:\Users\Toghrul Jabbarli\.m2\repository\com\sun\mail\javax.mail\1.6.2\javax.mail-1.6.2.jar;C:\Users\Toghrul Jabbarli\.m2\repository\javax\activation\activation\1.1\activation-1.1.jar;C:\Users\Toghrul Jabbarli\.m2\repository\org\json\json\20190722\json-20190722.jar;C:\Users\Toghrul Jabbarli\.m2\repository\com\google\guava\guava\28.2-jre\guava-28.2-jre.jar;C:\Users\Toghrul Jabbarli\.m2\repository\com\google\guava\failureaccess\1.0.1\failureaccess-1.0.1.jar;C:\Users\Toghrul Jabbarli\.m2\repository\com\google\guava\listenablefuture\9999.0-empty-to-avoid-conflict-with-guava\listenablefuture-9999.0-empty-to-avoid-conflict-with-guava.jar;C:\Users\Toghrul Jabbarli\.m2\repository\com\google\code\findbugs\jsr305\3.0.2\jsr305-3.0.2.jar;C:\Users\Toghrul Jabbarli\.m2\repository\org\checkerframework\checker-qual\2.10.0\checker-qual-2.10.0.jar;C:\Users\Toghrul Jabbarli\.m2\repository\com\google\errorprone\error_prone_annotations\2.3.4\error_prone_annotations-2.3.4.jar;C:\Users\Toghrul Jabbarli\.m2\repository\com\google\j2objc\j2objc-annotations\1.3\j2objc-annotations-1.3.jar;C:\Users\Toghrul Jabbarli\.m2\repository\org\eclipse\jdt\org.eclipse.jdt.annotation\2.2.400\org.eclipse.jdt.annotation-2.2.400.jar;C:\Users\Toghrul Jabbarli\.m2\repository\junit\junit\4.13\junit-4.13.jar;C:\Users\Toghrul Jabbarli\.m2\repository\org\hamcrest\hamcrest-core\1.3\hamcrest-core-1.3.jar;C:\Users\Toghrul Jabbarli\.m2\repository\org\hamcrest\hamcrest\2.2\hamcrest-2.2.jar;C:\Users\Toghrul Jabbarli\.m2\repository\uk\co\datumedge\hamcrest-json\0.2\hamcrest-json-0.2.jar;C:\Users\Toghrul Jabbarli\.m2\repository\org\skyscreamer\jsonassert\1.1.1\jsonassert-1.1.1.jar;C:\Users\Toghrul Jabbarli\.m2\repository\commons-collections\commons-collections\3.0\commons-collections-3.0.jar;C:\Users\Toghrul Jabbarli\.m2\repository\org\mockito\mockito-core\3.3.3\mockito-core-3.3.3.jar;C:\Users\Toghrul Jabbarli\.m2\repository\net\bytebuddy\byte-buddy\1.10.5\byte-buddy-1.10.5.jar;C:\Users\Toghrul Jabbarli\.m2\repository\net\bytebuddy\byte-buddy-agent\1.10.5\byte-buddy-agent-1.10.5.jar;C:\Users\Toghrul Jabbarli\.m2\repository\org\objenesis\objenesis\2.6\objenesis-2.6.jar;C:\Users\Toghrul Jabbarli\.m2\repository\org\jglue\cdi-unit\cdi-unit\4.1.0\cdi-unit-4.1.0.jar;C:\Users\Toghrul Jabbarli\.m2\repository\org\javassist\javassist\3.18.1-GA\javassist-3.18.1-GA.jar;C:\Users\Toghrul Jabbarli\.m2\repository\io\github\classgraph\classgraph\4.1.2\classgraph-4.1.2.jar;C:\Users\Toghrul Jabbarli\.m2\repository\org\slf4j\slf4j-api\1.7.5\slf4j-api-1.7.5.jar;C:\Users\Toghrul Jabbarli\.m2\repository\org\apache\deltaspike\core\deltaspike-core-impl\1.0.1\deltaspike-core-impl-1.0.1.jar;C:\Users\Toghrul Jabbarli\.m2\repository\org\apache\deltaspike\core\deltaspike-core-api\1.0.1\deltaspike-core-api-1.0.1.jar;C:\Users\Toghrul Jabbarli\.m2\repository\org\jboss\resteasy\resteasy-jaxrs\3.0.14.Final\resteasy-jaxrs-3.0.14.Final.jar;C:\Users\Toghrul Jabbarli\.m2\repository\org\jboss\spec\javax\ws\rs\jboss-jaxrs-api_2.0_spec\1.0.0.Final\jboss-jaxrs-api_2.0_spec-1.0.0.Final.jar;C:\Users\Toghrul Jabbarli\.m2\repository\org\jboss\spec\javax\annotation\jboss-annotations-api_1.2_spec\1.0.0.Final\jboss-annotations-api_1.2_spec-1.0.0.Final.jar;C:\Users\Toghrul Jabbarli\.m2\repository\net\jcip\jcip-annotations\1.0\jcip-annotations-1.0.jar;C:\Users\Toghrul Jabbarli\.m2\repository\org\jboss\weld\se\weld-se-core\3.1.3.Final\weld-se-core-3.1.3.Final.jar;C:\Users\Toghrul Jabbarli\.m2\repository\org\jboss\weld\environment\weld-environment-common\3.1.3.Final\weld-environment-common-3.1.3.Final.jar;C:\Users\Toghrul Jabbarli\.m2\repository\org\jboss\weld\probe\weld-probe-core\3.1.3.Final\weld-probe-core-3.1.3.Final.jar;C:\Users\Toghrul Jabbarli\.m2\repository\jakarta\enterprise\jakarta.enterprise.cdi-api\2.0.2\jakarta.enterprise.cdi-api-2.0.2.jar;C:\Users\Toghrul Jabbarli\.m2\repository\jakarta\inject\jakarta.inject-api\1.0\jakarta.inject-api-1.0.jar;C:\Users\Toghrul Jabbarli\.m2\repository\org\jboss\classfilewriter\jboss-classfilewriter\1.2.4.Final\jboss-classfilewriter-1.2.4.Final.jar;C:\Users\Toghrul Jabbarli\.m2\repository\org\jboss\weld\module\weld-web\3.1.3.Final\weld-web-3.1.3.Final.jar;C:\Users\Toghrul Jabbarli\.m2\repository\org\jboss\weld\weld-api\3.1.SP2\weld-api-3.1.SP2.jar;C:\Users\Toghrul Jabbarli\.m2\repository\org\jboss\weld\weld-core-impl\3.1.3.Final\weld-core-impl-3.1.3.Final.jar;C:\Users\Toghrul Jabbarli\.m2\repository\org\jboss\spec\javax\annotation\jboss-annotations-api_1.3_spec\2.0.1.Final\jboss-annotations-api_1.3_spec-2.0.1.Final.jar;C:\Users\Toghrul Jabbarli\.m2\repository\org\jboss\spec\javax\interceptor\jboss-interceptors-api_1.2_spec\2.0.0.Final\jboss-interceptors-api_1.2_spec-2.0.0.Final.jar;C:\Users\Toghrul Jabbarli\.m2\repository\org\jboss\weld\weld-spi\3.1.SP2\weld-spi-3.1.SP2.jar;C:\Users\Toghrul Jabbarli\.m2\repository\org\jboss\spec\javax\el\jboss-el-api_3.0_spec\2.0.0.Final\jboss-el-api_3.0_spec-2.0.0.Final.jar;C:\Users\Toghrul Jabbarli\.m2\repository\org\jboss\logging\jboss-logging\3.2.1.Final\jboss-logging-3.2.1.Final.jar;C:\Users\Toghrul Jabbarli\.m2\repository\org\apache\commons\commons-lang3\3.7\commons-lang3-3.7.jar;C:\Users\Toghrul Jabbarli\.m2\repository\com\mashape\unirest\unirest-java\1.4.9\unirest-java-1.4.9.jar;C:\Users\Toghrul Jabbarli\.m2\repository\org\apache\httpcomponents\httpclient\4.5.2\httpclient-4.5.2.jar;C:\Users\Toghrul Jabbarli\.m2\repository\org\apache\httpcomponents\httpcore\4.4.4\httpcore-4.4.4.jar;C:\Users\Toghrul Jabbarli\.m2\repository\commons-logging\commons-logging\1.2\commons-logging-1.2.jar;C:\Users\Toghrul Jabbarli\.m2\repository\commons-codec\commons-codec\1.9\commons-codec-1.9.jar;C:\Users\Toghrul Jabbarli\.m2\repository\org\apache\httpcomponents\httpasyncclient\4.1.1\httpasyncclient-4.1.1.jar;C:\Users\Toghrul Jabbarli\.m2\repository\org\apache\httpcomponents\httpcore-nio\4.4.4\httpcore-nio-4.4.4.jar;C:\Users\Toghrul Jabbarli\.m2\repository\org\apache\httpcomponents\httpmime\4.5.2\httpmime-4.5.2.jar;C:\Users\Toghrul Jabbarli\.m2\repository\com\squareup\okhttp3\okhttp\4.4.1\okhttp-4.4.1.jar;C:\Users\Toghrul Jabbarli\.m2\repository\org\jetbrains\kotlin\kotlin-stdlib\1.3.61\kotlin-stdlib-1.3.61.jar;C:\Users\Toghrul Jabbarli\.m2\repository\org\jetbrains\kotlin\kotlin-stdlib-common\1.3.61\kotlin-stdlib-common-1.3.61.jar;C:\Users\Toghrul Jabbarli\.m2\repository\org\jetbrains\annotations\13.0\annotations-13.0.jar;C:\Users\Toghrul Jabbarli\.m2\repository\com\squareup\okio\okio\2.2.2\okio-2.2.2.jar;C:\Users\Toghrul Jabbarli\.m2\repository\commons-io\commons-io\2.6\commons-io-2.6.jar;"/>
    <property name="java.vm.vendor" value="Oracle Corporation"/>
    <property name="sun.arch.data.model" value="64"/>
    <property name="user.variant" value=""/>
    <property name="java.vendor.url" value="http://java.oracle.com/"/>
    <property name="user.timezone" value="Europe/Prague"/>
    <property name="java.vm.specification.version" value="1.8"/>
    <property name="os.name" value="Windows 10"/>
    <property name="user.country" value="US"/>
    <property name="sun.java.launcher" value="SUN_STANDARD"/>
    <property name="sun.boot.library.path" value="C:\Program Files\Java\jdk1.8.0_221\jre\bin"/>
    <property name="sun.java.command" value="C:\Users\Toghrul Jabbarli\AppData\Local\Temp\surefire169777122440619445\surefirebooter4687462891648822052.jar C:\Users\Toghrul Jabbarli\AppData\Local\Temp\surefire169777122440619445 2020-03-24T03-11-57_251-jvmRun1 surefire2161457761192460354tmp surefire_05418821044373216999tmp"/>
    <property name="surefire.test.class.path" value="C:\Users\Toghrul Jabbarli\Videos\anagram\target\test-classes;C:\Users\Toghrul Jabbarli\Videos\anagram\target\classes;C:\Users\Toghrul Jabbarli\.m2\repository\javax\javaee-api\8.0.1\javaee-api-8.0.1.jar;C:\Users\Toghrul Jabbarli\.m2\repository\com\sun\mail\javax.mail\1.6.2\javax.mail-1.6.2.jar;C:\Users\Toghrul Jabbarli\.m2\repository\javax\activation\activation\1.1\activation-1.1.jar;C:\Users\Toghrul Jabbarli\.m2\repository\org\json\json\20190722\json-20190722.jar;C:\Users\Toghrul Jabbarli\.m2\repository\com\google\guava\guava\28.2-jre\guava-28.2-jre.jar;C:\Users\Toghrul Jabbarli\.m2\repository\com\google\guava\failureaccess\1.0.1\failureaccess-1.0.1.jar;C:\Users\Toghrul Jabbarli\.m2\repository\com\google\guava\listenablefuture\9999.0-empty-to-avoid-conflict-with-guava\listenablefuture-9999.0-empty-to-avoid-conflict-with-guava.jar;C:\Users\Toghrul Jabbarli\.m2\repository\com\google\code\findbugs\jsr305\3.0.2\jsr305-3.0.2.jar;C:\Users\Toghrul Jabbarli\.m2\repository\org\checkerframework\checker-qual\2.10.0\checker-qual-2.10.0.jar;C:\Users\Toghrul Jabbarli\.m2\repository\com\google\errorprone\error_prone_annotations\2.3.4\error_prone_annotations-2.3.4.jar;C:\Users\Toghrul Jabbarli\.m2\repository\com\google\j2objc\j2objc-annotations\1.3\j2objc-annotations-1.3.jar;C:\Users\Toghrul Jabbarli\.m2\repository\org\eclipse\jdt\org.eclipse.jdt.annotation\2.2.400\org.eclipse.jdt.annotation-2.2.400.jar;C:\Users\Toghrul Jabbarli\.m2\repository\junit\junit\4.13\junit-4.13.jar;C:\Users\Toghrul Jabbarli\.m2\repository\org\hamcrest\hamcrest-core\1.3\hamcrest-core-1.3.jar;C:\Users\Toghrul Jabbarli\.m2\repository\org\hamcrest\hamcrest\2.2\hamcrest-2.2.jar;C:\Users\Toghrul Jabbarli\.m2\repository\uk\co\datumedge\hamcrest-json\0.2\hamcrest-json-0.2.jar;C:\Users\Toghrul Jabbarli\.m2\repository\org\skyscreamer\jsonassert\1.1.1\jsonassert-1.1.1.jar;C:\Users\Toghrul Jabbarli\.m2\repository\commons-collections\commons-collections\3.0\commons-collections-3.0.jar;C:\Users\Toghrul Jabbarli\.m2\repository\org\mockito\mockito-core\3.3.3\mockito-core-3.3.3.jar;C:\Users\Toghrul Jabbarli\.m2\repository\net\bytebuddy\byte-buddy\1.10.5\byte-buddy-1.10.5.jar;C:\Users\Toghrul Jabbarli\.m2\repository\net\bytebuddy\byte-buddy-agent\1.10.5\byte-buddy-agent-1.10.5.jar;C:\Users\Toghrul Jabbarli\.m2\repository\org\objenesis\objenesis\2.6\objenesis-2.6.jar;C:\Users\Toghrul Jabbarli\.m2\repository\org\jglue\cdi-unit\cdi-unit\4.1.0\cdi-unit-4.1.0.jar;C:\Users\Toghrul Jabbarli\.m2\repository\org\javassist\javassist\3.18.1-GA\javassist-3.18.1-GA.jar;C:\Users\Toghrul Jabbarli\.m2\repository\io\github\classgraph\classgraph\4.1.2\classgraph-4.1.2.jar;C:\Users\Toghrul Jabbarli\.m2\repository\org\slf4j\slf4j-api\1.7.5\slf4j-api-1.7.5.jar;C:\Users\Toghrul Jabbarli\.m2\repository\org\apache\deltaspike\core\deltaspike-core-impl\1.0.1\deltaspike-core-impl-1.0.1.jar;C:\Users\Toghrul Jabbarli\.m2\repository\org\apache\deltaspike\core\deltaspike-core-api\1.0.1\deltaspike-core-api-1.0.1.jar;C:\Users\Toghrul Jabbarli\.m2\repository\org\jboss\resteasy\resteasy-jaxrs\3.0.14.Final\resteasy-jaxrs-3.0.14.Final.jar;C:\Users\Toghrul Jabbarli\.m2\repository\org\jboss\spec\javax\ws\rs\jboss-jaxrs-api_2.0_spec\1.0.0.Final\jboss-jaxrs-api_2.0_spec-1.0.0.Final.jar;C:\Users\Toghrul Jabbarli\.m2\repository\org\jboss\spec\javax\annotation\jboss-annotations-api_1.2_spec\1.0.0.Final\jboss-annotations-api_1.2_spec-1.0.0.Final.jar;C:\Users\Toghrul Jabbarli\.m2\repository\net\jcip\jcip-annotations\1.0\jcip-annotations-1.0.jar;C:\Users\Toghrul Jabbarli\.m2\repository\org\jboss\weld\se\weld-se-core\3.1.3.Final\weld-se-core-3.1.3.Final.jar;C:\Users\Toghrul Jabbarli\.m2\repository\org\jboss\weld\environment\weld-environment-common\3.1.3.Final\weld-environment-common-3.1.3.Final.jar;C:\Users\Toghrul Jabbarli\.m2\repository\org\jboss\weld\probe\weld-probe-core\3.1.3.Final\weld-probe-core-3.1.3.Final.jar;C:\Users\Toghrul Jabbarli\.m2\repository\jakarta\enterprise\jakarta.enterprise.cdi-api\2.0.2\jakarta.enterprise.cdi-api-2.0.2.jar;C:\Users\Toghrul Jabbarli\.m2\repository\jakarta\inject\jakarta.inject-api\1.0\jakarta.inject-api-1.0.jar;C:\Users\Toghrul Jabbarli\.m2\repository\org\jboss\classfilewriter\jboss-classfilewriter\1.2.4.Final\jboss-classfilewriter-1.2.4.Final.jar;C:\Users\Toghrul Jabbarli\.m2\repository\org\jboss\weld\module\weld-web\3.1.3.Final\weld-web-3.1.3.Final.jar;C:\Users\Toghrul Jabbarli\.m2\repository\org\jboss\weld\weld-api\3.1.SP2\weld-api-3.1.SP2.jar;C:\Users\Toghrul Jabbarli\.m2\repository\org\jboss\weld\weld-core-impl\3.1.3.Final\weld-core-impl-3.1.3.Final.jar;C:\Users\Toghrul Jabbarli\.m2\repository\org\jboss\spec\javax\annotation\jboss-annotations-api_1.3_spec\2.0.1.Final\jboss-annotations-api_1.3_spec-2.0.1.Final.jar;C:\Users\Toghrul Jabbarli\.m2\repository\org\jboss\spec\javax\interceptor\jboss-interceptors-api_1.2_spec\2.0.0.Final\jboss-interceptors-api_1.2_spec-2.0.0.Final.jar;C:\Users\Toghrul Jabbarli\.m2\repository\org\jboss\weld\weld-spi\3.1.SP2\weld-spi-3.1.SP2.jar;C:\Users\Toghrul Jabbarli\.m2\repository\org\jboss\spec\javax\el\jboss-el-api_3.0_spec\2.0.0.Final\jboss-el-api_3.0_spec-2.0.0.Final.jar;C:\Users\Toghrul Jabbarli\.m2\repository\org\jboss\logging\jboss-logging\3.2.1.Final\jboss-logging-3.2.1.Final.jar;C:\Users\Toghrul Jabbarli\.m2\repository\org\apache\commons\commons-lang3\3.7\commons-lang3-3.7.jar;C:\Users\Toghrul Jabbarli\.m2\repository\com\mashape\unirest\unirest-java\1.4.9\unirest-java-1.4.9.jar;C:\Users\Toghrul Jabbarli\.m2\repository\org\apache\httpcomponents\httpclient\4.5.2\httpclient-4.5.2.jar;C:\Users\Toghrul Jabbarli\.m2\repository\org\apache\httpcomponents\httpcore\4.4.4\httpcore-4.4.4.jar;C:\Users\Toghrul Jabbarli\.m2\repository\commons-logging\commons-logging\1.2\commons-logging-1.2.jar;C:\Users\Toghrul Jabbarli\.m2\repository\commons-codec\commons-codec\1.9\commons-codec-1.9.jar;C:\Users\Toghrul Jabbarli\.m2\repository\org\apache\httpcomponents\httpasyncclient\4.1.1\httpasyncclient-4.1.1.jar;C:\Users\Toghrul Jabbarli\.m2\repository\org\apache\httpcomponents\httpcore-nio\4.4.4\httpcore-nio-4.4.4.jar;C:\Users\Toghrul Jabbarli\.m2\repository\org\apache\httpcomponents\httpmime\4.5.2\httpmime-4.5.2.jar;C:\Users\Toghrul Jabbarli\.m2\repository\com\squareup\okhttp3\okhttp\4.4.1\okhttp-4.4.1.jar;C:\Users\Toghrul Jabbarli\.m2\repository\org\jetbrains\kotlin\kotlin-stdlib\1.3.61\kotlin-stdlib-1.3.61.jar;C:\Users\Toghrul Jabbarli\.m2\repository\org\jetbrains\kotlin\kotlin-stdlib-common\1.3.61\kotlin-stdlib-common-1.3.61.jar;C:\Users\Toghrul Jabbarli\.m2\repository\org\jetbrains\annotations\13.0\annotations-13.0.jar;C:\Users\Toghrul Jabbarli\.m2\repository\com\squareup\okio\okio\2.2.2\okio-2.2.2.jar;C:\Users\Toghrul Jabbarli\.m2\repository\commons-io\commons-io\2.6\commons-io-2.6.jar;"/>
    <property name="sun.cpu.endian" value="little"/>
    <property name="user.home" value="C:\Users\Toghrul Jabbarli"/>
    <property name="user.language" value="en"/>
    <property name="java.specification.vendor" value="Oracle Corporation"/>
    <property name="java.home" value="C:\Program Files\Java\jdk1.8.0_221\jre"/>
    <property name="basedir" value="C:\Users\Toghrul Jabbarli\Videos\anagram"/>
    <property name="file.separator" value="\"/>
    <property name="line.separator" value="&#10;"/>
    <property name="java.vm.specification.vendor" value="Oracle Corporation"/>
    <property name="java.specification.name" value="Java Platform API Specification"/>
    <property name="java.awt.graphicsenv" value="sun.awt.Win32GraphicsEnvironment"/>
    <property name="surefire.real.class.path" value="C:\Users\Toghrul Jabbarli\AppData\Local\Temp\surefire169777122440619445\surefirebooter4687462891648822052.jar"/>
    <property name="sun.boot.class.path" value="C:\Program Files\Java\jdk1.8.0_221\jre\lib\resources.jar;C:\Program Files\Java\jdk1.8.0_221\jre\lib\rt.jar;C:\Program Files\Java\jdk1.8.0_221\jre\lib\sunrsasign.jar;C:\Program Files\Java\jdk1.8.0_221\jre\lib\jsse.jar;C:\Program Files\Java\jdk1.8.0_221\jre\lib\jce.jar;C:\Program Files\Java\jdk1.8.0_221\jre\lib\charsets.jar;C:\Program Files\Java\jdk1.8.0_221\jre\lib\jfr.jar;C:\Program Files\Java\jdk1.8.0_221\jre\classes"/>
    <property name="user.script" value=""/>
    <property name="sun.management.compiler" value="HotSpot 64-Bit Tiered Compilers"/>
    <property name="java.runtime.version" value="1.8.0_221-b11"/>
    <property name="user.name" value="Toghrul Jabbarli"/>
    <property name="path.separator" value=";"/>
    <property name="os.version" value="10.0"/>
    <property name="java.endorsed.dirs" value="C:\Program Files\Java\jdk1.8.0_221\jre\lib\endorsed"/>
    <property name="java.runtime.name" value="Java(TM) SE Runtime Environment"/>
    <property name="file.encoding" value="Cp1252"/>
    <property name="java.vm.name" value="Java HotSpot(TM) 64-Bit Server VM"/>
    <property name="localRepository" value="C:\Users\Toghrul Jabbarli\.m2\repository"/>
    <property name="java.vendor.url.bug" value="http://bugreport.sun.com/bugreport/"/>
    <property name="java.io.tmpdir" value="C:\Users\TOGHRU~1\AppData\Local\Temp\"/>
    <property name="java.version" value="1.8.0_221"/>
    <property name="user.dir" value="C:\Users\Toghrul Jabbarli\Videos\anagram"/>
    <property name="os.arch" value="amd64"/>
    <property name="java.vm.specification.name" value="Java Virtual Machine Specification"/>
    <property name="java.awt.printerjob" value="sun.awt.windows.WPrinterJob"/>
    <property name="sun.os.patch.level" value=""/>
    <property name="java.library.path" value="C:\Program Files\Java\jdk1.8.0_221\jre\bin;C:\Windows\Sun\Java\bin;C:\Windows\system32;C:\Windows;C:\Users\Toghrul Jabbarli\bin;C:\Program Files\Git\mingw64\bin;C:\Program Files\Git\usr\local\bin;C:\Program Files\Git\usr\bin;C:\Program Files\Git\usr\bin;C:\Program Files\Git\mingw64\bin;C:\Program Files\Git\usr\bin;C:\Users\Toghrul Jabbarli\bin;C:\Program Files (x86)\Common Files\Oracle\Java\javapath,C;C:\Program Files\Git\Python27;C:\Windows\system32;C:\Windows;C:\Windows\System32\Wbem;C:\Windows\System32\WindowsPowerShell\v1.0;C:\Windows\System32\OpenSSH;C:\Program Files\Common Files\Autodesk Shared;C:\Program Files\Git\cmd;C:\Program Files\dotnet;C:\Program Files\Microsoft SQL Server\130\Tools\Binn;C:\Program Files (x86)\Microsoft SQL Server\150\DTS\Binn;C:\Latest Setup\apache-maven-3.6.3\bin;C:\Program Files\Git\usr\bin\vendor_perl;C:\Program Files\Git\usr\bin\core_perl;."/>
    <property name="java.vm.info" value="mixed mode"/>
    <property name="java.vendor" value="Oracle Corporation"/>
    <property name="java.vm.version" value="25.221-b11"/>
    <property name="java.ext.dirs" value="C:\Program Files\Java\jdk1.8.0_221\jre\lib\ext;C:\Windows\Sun\Java\lib\ext"/>
    <property name="sun.io.unicode.encoding" value="UnicodeLittle"/>
    <property name="java.class.version" value="52.0"/>
  </properties>
  <testcase name="test_hello" classname="hello.HelloTest" time="0"/>
</testsuite>